# 실행 계획 확인

MySQL의 실행 계획은 DESC or EXPLAIN 쿼리를 통해서 확인이 가능함

<br/>

# 실행 계획 출력 포멧

- FORMAT 옵션에 JSON, TREE, 테이블 3가지 옵션을 제공해준다
- 취향에 맞게 사용하면 되고, 실행 계획의 흐름을 보여주는데는 큰 차이가 없음

```sql
EXPLAIN
query...

EXPLAIN FORMAT=JSON
query...

EXPLAIN FORMAT=TREE
query...
```

<br/>

# 쿼리의 실행 시간 확인

- 8.0.18 버전부터 실행계획 + 단계별 소요시간 정보 확인이 가능한 EXPLAIN ANALYZE가 추가됨
- 항상 결과를 TREE 형식으로 보여주므로 다른 FORMAT은 지정이 불가능함
- 단순 실행계획이 아닌 실제 쿼리를 실행하고, 해당 쿼리에 대한 정보를 보여주는거라 느릴수있음
  - 만약 실행계획이 아주 나쁜 쿼리면 EXPLAIN을 통해 어느정도 튜닝하고 실행하는게 좋음

```sql
explain analyze
select e.emp_no, avg(s.salary)
from employees e
	inner join salaries s ON s.emp_no = e.emp_no
		AND s.salary > 50000
		AND s.from_date <= '1990-01-01'
		AND s.to_date > '1990-01-01'
WHERE e.first_name = 'Matt'
GROUP BY e.hire_date, e.emp_no;

```

```sql
-> Table scan on <temporary>  (actual time=38.2..38.2 rows=48 loops=1)
    -> Aggregate using temporary table  (actual time=38.2..38.2 rows=48 loops=1)
        -> Nested loop inner join  (cost=536 rows=122) (actual time=1.77..37.9 rows=48 loops=1)
            -> Index lookup on e using ix_firstname (first_name='Matt')  (cost=81.5 rows=233) (actual time=1.41..1.99 rows=233 loops=1)
            -> Filter: ((s.salary > 50000) and (s.from_date <= DATE'1990-01-01') and (s.to_date > DATE'1990-01-01'))  (cost=1.01 rows=0.522) (actual time=0.151..0.154 rows=0.206 loops=233)
                -> Index lookup on s using PRIMARY (emp_no=e.emp_no)  (cost=1.01 rows=9.41) (actual time=0.149..0.153 rows=9.53 loops=233)
```
